生成启动时间为 2017/10/11 0:06:06。
     1>项目“D:\程序\26个字母\26个字母\26个字母.vcxproj”在节点 2 上(Build 个目标)。
     1>ClCompile:
         D:\vs2013\VC\bin\CL.exe /c /ZI /nologo /W4 /WX- /sdl /Od /Oy- /D _UNICODE /D UNICODE /Gm /EHsc /RTC1 /MDd /GS- /fp:precise /Zc:wchar_t /Zc:forScope /Fo"Debug\\" /Fd"Debug\vc120.pdb" /Gd /TP /analyze- /errorReport:prompt "源.cpp"
     1>cl : 命令行 warning D9025: 正在重写“/sdl”(用“/GS-”)
         源.cpp
     1>d:\程序\26个字母\26个字母\源.cpp(18): warning C4244: “=”: 从“int”转换到“char”，可能丢失数据
     1>d:\程序\26个字母\26个字母\源.cpp(22): warning C4244: “=”: 从“int”转换到“char”，可能丢失数据
     1>d:\程序\26个字母\26个字母\源.cpp(42): warning C4996: 'scanf': This function or variable may be unsafe. Consider using scanf_s instead. To disable deprecation, use _CRT_SECURE_NO_WARNINGS. See online help for details.
                 d:\vs2013\vc\include\stdio.h(283) : 参见“scanf”的声明
     1>d:\程序\26个字母\26个字母\源.cpp(45): warning C4996: 'scanf': This function or variable may be unsafe. Consider using scanf_s instead. To disable deprecation, use _CRT_SECURE_NO_WARNINGS. See online help for details.
                 d:\vs2013\vc\include\stdio.h(283) : 参见“scanf”的声明
     1>d:\程序\26个字母\26个字母\源.cpp(77): warning C4996: 'scanf': This function or variable may be unsafe. Consider using scanf_s instead. To disable deprecation, use _CRT_SECURE_NO_WARNINGS. See online help for details.
                 d:\vs2013\vc\include\stdio.h(283) : 参见“scanf”的声明
       Link:
         D:\vs2013\VC\bin\link.exe /ERRORREPORT:PROMPT /OUT:"D:\程序\26个字母\Debug\26个字母.exe" /INCREMENTAL /NOLOGO kernel32.lib user32.lib gdi32.lib winspool.lib comdlg32.lib advapi32.lib shell32.lib ole32.lib oleaut32.lib uuid.lib odbc32.lib odbccp32.lib /MANIFEST /MANIFESTUAC:"level='asInvoker' uiAccess='false'" /manifest:embed /DEBUG /PDB:"D:\程序\26个字母\Debug\26个字母.pdb" /TLBID:1 /DYNAMICBASE /NXCOMPAT /IMPLIB:"D:\程序\26个字母\Debug\26个字母.lib" /MACHINE:X86 "Debug\源.obj"
         26个字母.vcxproj -> D:\程序\26个字母\Debug\26个字母.exe
     1>已完成生成项目“D:\程序\26个字母\26个字母\26个字母.vcxproj”(Build 个目标)的操作。

生成成功。

已用时间 00:00:00.34
