生成启动时间为 2018/12/1 16:58:20。
     1>项目“D:\程序\领扣--最长连续数组\领扣--最长连续数组\领扣--最长连续数组.vcxproj”在节点 2 上(Build 个目标)。
     1>ClCompile:
         D:\vs2013\VC\bin\CL.exe /c /ZI /nologo /W3 /WX- /sdl /Od /Oy- /D _UNICODE /D UNICODE /Gm /EHsc /RTC1 /MDd /GS /fp:precise /Zc:wchar_t /Zc:forScope /Fo"Debug\\" /Fd"Debug\vc120.pdb" /Gd /TP /analyze- /errorReport:prompt "源.cpp"
         源.cpp
     1>d:\vs2013\vc\include\xtree(1319): error C2100: 非法的间接寻址
                 d:\程序\领扣--最长连续数组\领扣--最长连续数组\源.cpp(63): 参见对正在编译的函数 模板 实例化“void std::_Tree<std::_Tmap_traits<_Kty,_Ty,_Pr,_Alloc,false>>::insert<int>(_Iter,_Iter)”的引用
                 with
                 [
                     _Kty=int
         ,            _Ty=int
         ,            _Pr=std::less<int>
         ,            _Alloc=std::allocator<std::pair<const int,int>>
         ,            _Iter=int
                 ]
                 d:\程序\领扣--最长连续数组\领扣--最长连续数组\源.cpp(63): 参见对正在编译的函数 模板 实例化“void std::_Tree<std::_Tmap_traits<_Kty,_Ty,_Pr,_Alloc,false>>::insert<int>(_Iter,_Iter)”的引用
                 with
                 [
                     _Kty=int
         ,            _Ty=int
         ,            _Pr=std::less<int>
         ,            _Alloc=std::allocator<std::pair<const int,int>>
         ,            _Iter=int
                 ]
     1>已完成生成项目“D:\程序\领扣--最长连续数组\领扣--最长连续数组\领扣--最长连续数组.vcxproj”(Build 个目标)的操作 - 失败。

生成失败。

已用时间 00:00:05.04
